<?xml version="1.0" encoding="UTF-8"?>
<!-- Generated by org.testng.reporters.JUnitReportReporter -->
<testsuite hostname="LIN51017545" failures="0" tests="1" name="tests.ThreeTest" time="10.130" errors="0" timestamp="28 May 2024 08:39:13 GMT" skipped="0">
  <testcase classname="tests.ThreeTest" name="testThree" time="10.130"/>
</testsuite> <!-- tests.ThreeTest -->
