<?xml version="1.0" encoding="UTF-8"?>
<!-- Generated by org.testng.reporters.JUnitReportReporter -->
<testsuite hostname="LIN51017545" failures="0" tests="2" name="tests.LoginTest" time="23.280" errors="0" timestamp="28 May 2024 08:39:13 GMT" skipped="0">
  <testcase classname="tests.LoginTest" name="login" time="17.909"/>
  <testcase classname="tests.LoginTest" name="login" time="5.371"/>
</testsuite> <!-- tests.LoginTest -->
